000000 132231695388 S1 T00000001 V. ts:2020/03/04 13:22:31.697312 os:windows
000001 132231697312 S1 T00000001 V. TWAINCSTst v2.4.1.0
000002 132233792181 S1 T00000003 V. main>>> thread started...
000003 132233795197 S1 T00000003 V. 
000004 132233796179 S1 T00000003 V. twn> DG_CONTROL/DAT_PARENT/MSG_OPENDSM
000005 132234337354 S1 T00000003 V. twn> SUCCESS
000006 132234970077 S3 T00000003 V. 
000007 132234971076 S3 T00000003 V. twn> DG_CONTROL/DAT_ENTRYPOINT/MSG_GET
000008 132234971076 S3 T00000003 V. twn> 24,0x0,0x0,0x0,0x0,0x0
000009 132234975076 S3 T00000003 V. twn> 24,0x10007F00,0x10008030,0x100080A0,0x100080E0,0x10008120
000010 132234976090 S3 T00000003 V. twn> SUCCESS
000011 132235130806 S3 T00000003 V. 
000012 132235130806 S3 T00000003 V. twn> DG_CONTROL/DAT_IDENTITY/MSG_GETFIRST
000013 132235134804 S3 T00000003 V. twn> 1,18,0,ENGLISH_USA,USA,KDS v18.0 2019/5/3,2,4,0x40001003,Kodak Alaris Inc.,Document Imaging,Alaris Scanner: E1000
000014 132235134804 S3 T00000003 V. twn> SUCCESS
000015 132235277309 S3 T00000003 V. 
000016 132235278318 S3 T00000003 V. twn> DG_CONTROL/DAT_IDENTITY/MSG_GETNEXT
000017 132235281306 S3 T00000003 V. twn> 2,15,16,ENGLISH_USA,USA,KDS v0.0 2017/6/20,2,3,0x40001003,Eastman Kodak,Document Imaging,KODAK Scanner: i1120
000018 132235281306 S3 T00000003 V. twn> SUCCESS
000019 132235425038 S3 T00000003 V. 
000020 132235425038 S3 T00000003 V. twn> DG_CONTROL/DAT_IDENTITY/MSG_GETNEXT
000021 132235428036 S3 T00000003 V. twn> 3,17,5,ENGLISH_USA,USA,KDS v0.0 2019/2/25,2,4,0x40001003,Kodak Alaris Inc.,Document Imaging,KODAK Scanner: i1100
000022 132235428036 S3 T00000003 V. twn> SUCCESS
000023 132235565233 S3 T00000003 V. 
000024 132235566217 S3 T00000003 V. twn> DG_CONTROL/DAT_IDENTITY/MSG_GETNEXT
000025 132235569213 S3 T00000003 V. twn> 4,19,0,ENGLISH_USA,USA,KDS v17.0 2019/7/11,2,4,0x40001003,Kodak Alaris Inc.,Document Imaging,KODAK Scanner: i1100WN
000026 132235569213 S3 T00000003 V. twn> SUCCESS
000027 132235717174 S3 T00000003 V. 
000028 132235718172 S3 T00000003 V. twn> DG_CONTROL/DAT_IDENTITY/MSG_GETNEXT
000029 132235720190 S3 T00000003 V. twn> 5,15,16,ENGLISH_USA,USA,KDS v0.0 2017/6/20,2,3,0x40001003,Eastman Kodak,Document Imaging,KODAK Scanner: i1210/i1220
000030 132235721172 S3 T00000003 V. twn> SUCCESS
000031 132235866036 S3 T00000003 V. 
000032 132235866036 S3 T00000003 V. twn> DG_CONTROL/DAT_IDENTITY/MSG_GETNEXT
000033 132235869028 S3 T00000003 V. twn> 6,15,16,ENGLISH_USA,USA,KDS v0.0 2017/6/20,2,3,0x40001003,Eastman Kodak,Document Imaging,KODAK Scanner: i1310/i1320
000034 132235870028 S3 T00000003 V. twn> SUCCESS
000035 132236001293 S3 T00000003 V. 
000036 132236001293 S3 T00000003 V. twn> DG_CONTROL/DAT_IDENTITY/MSG_GETNEXT
000037 132236004310 S3 T00000003 V. twn> 7,15,16,ENGLISH_USA,USA,KDS v0.0 2017/6/20,2,3,0x40001003,Eastman Kodak,Document Imaging,KODAK Scanner: i1410/i1420/i1440
000038 132236004310 S3 T00000003 V. twn> SUCCESS
000039 132236157385 S3 T00000003 V. 
000040 132236158384 S3 T00000003 V. twn> DG_CONTROL/DAT_IDENTITY/MSG_GETNEXT
000041 132236160384 S3 T00000003 V. twn> 8,17,5,ENGLISH_USA,USA,KDS v0.0 2019/2/25,2,4,0x40001003,Eastman Kodak,Document Imaging,KODAK Scanner: i2000
000042 132236160384 S3 T00000003 V. twn> SUCCESS
000043 132236310194 S3 T00000003 V. 
000044 132236310194 S3 T00000003 V. twn> DG_CONTROL/DAT_IDENTITY/MSG_GETNEXT
000045 132236312193 S3 T00000003 V. twn> 9,15,16,ENGLISH_USA,USA,KDS v0.0 2017/6/20,2,3,0x40001003,Eastman Kodak,Document Imaging,KODAK Scanner: i2900
000046 132236312193 S3 T00000003 V. twn> SUCCESS
000047 132236458427 S3 T00000003 V. 
000048 132236459432 S3 T00000003 V. twn> DG_CONTROL/DAT_IDENTITY/MSG_GETNEXT
000049 132236461438 S3 T00000003 V. twn> 10,18,0,ENGLISH_USA,USA,KDS v18.0 2019/5/3,2,4,0x40001003,Eastman Kodak,Document Imaging,KODAK Scanner: i3000
000050 132236462423 S3 T00000003 V. twn> SUCCESS
000051 132236597667 S3 T00000003 V. 
000052 132236598668 S3 T00000003 V. twn> DG_CONTROL/DAT_IDENTITY/MSG_GETNEXT
000053 132236600667 S3 T00000003 V. twn> 11,15,16,ENGLISH_USA,USA,KDS v0