000000 132102860181 S1 T00000001 V. ts:2020/03/04 13:21:02.862194 os:windows
000001 132102863193 S1 T00000001 V. TWAINCSTst v2.4.1.0
000002 132105169142 S1 T00000003 V. main>>> thread started...
000003 132105172126 S1 T00000003 V. 
000004 132105172126 S1 T00000003 V. twn> DG_CONTROL/DAT_PARENT/MSG_OPENDSM
000005 132109252109 S1 T00000003 V. twn> SUCCESS
000006 132111381183 S3 T00000003 V. 
000007 132111381183 S3 T00000003 V. twn> DG_CONTROL/DAT_ENTRYPOINT/MSG_GET
000008 132111382169 S3 T00000003 V. twn> 24,0x0,0x0,0x0,0x0,0x0
000009 132111385167 S3 T00000003 V. twn> 24,0x10007F00,0x10008030,0x100080A0,0x100080E0,0x10008120
000010 132111385167 S3 T00000003 V. twn> SUCCESS
000011 132111549797 S3 T00000003 V. 
000012 132111550797 S3 T00000003 V. twn> DG_CONTROL/DAT_IDENTITY/MSG_GETFIRST
000013 132111554781 S3 T00000003 V. twn> 1,18,0,ENGLISH_USA,USA,KDS v18.0 2019/5/3,2,4,0x40001003,Kodak Alaris Inc.,Document Imaging,Alaris Scanner: E1000
000014 132111555639 S3 T00000003 V. twn> SUCCESS
000015 132111707541 S3 T00000003 V. 
000016 132111707541 S3 T00000003 V. twn> DG_CONTROL/DAT_IDENTITY/MSG_GETNEXT
000017 132111710539 S3 T00000003 V. twn> 2,15,16,ENGLISH_USA,USA,KDS v0.0 2017/6/20,2,3,0x40001003,Eastman Kodak,Document Imaging,KODAK Scanner: i1120
000018 132111711539 S3 T00000003 V. twn> SUCCESS
000019 132111846043 S3 T00000003 V. 
000020 132111847051 S3 T00000003 V. twn> DG_CONTROL/DAT_IDENTITY/MSG_GETNEXT
000021 132111849040 S3 T00000003 V. twn> 3,17,5,ENGLISH_USA,USA,KDS v0.0 2019/2/25,2,4,0x40001003,Kodak Alaris Inc.,Document Imaging,KODAK Scanner: i1100
000022 132111850039 S3 T00000003 V. twn> SUCCESS
000023 132112007105 S3 T00000003 V. 
000024 132112007105 S3 T00000003 V. twn> DG_CONTROL/DAT_IDENTITY/MSG_GETNEXT
000025 132112017114 S3 T00000003 V. twn> 4,19,0,ENGLISH_USA,USA,KDS v17.0 2019/7/11,2,4,0x40001003,Kodak Alaris Inc.,Document Imaging,KODAK Scanner: i1100WN
000026 132112017114 S3 T00000003 V. twn> SUCCESS
000027 132112158151 S3 T00000003 V. 
000028 132112158151 S3 T00000003 V. twn> DG_CONTROL/DAT_IDENTITY/MSG_GETNEXT
000029 132112165166 S3 T00000003 V. twn> 5,15,16,ENGLISH_USA,USA,KDS v0.0 2017/6/20,2,3,0x40001003,Eastman Kodak,Document Imaging,KODAK Scanner: i1210/i1220
000030 132112165166 S3 T00000003 V. twn> SUCCESS
000031 132112301465 S3 T00000003 V. 
000032 132112302464 S3 T00000003 V. twn> DG_CONTROL/DAT_IDENTITY/MSG_GETNEXT
000033 132112305333 S3 T00000003 V. twn> 6,15,16,ENGLISH_USA,USA,KDS v0.0 2017/6/20,2,3,0x40001003,Eastman Kodak,Document Imaging,KODAK Scanner: i1310/i1320
000034 132112305333 S3 T00000003 V. twn> SUCCESS
000035 132112453894 S3 T00000003 V. 
000036 132112453894 S3 T00000003 V. twn> DG_CONTROL/DAT_IDENTITY/MSG_GETNEXT
000037 132112457502 S3 T00000003 V. twn> 7,15,16,ENGLISH_USA,USA,KDS v0.0 2017/6/20,2,3,0x40001003,Eastman Kodak,Document Imaging,KODAK Scanner: i1410/i1420/i1440
000038 132112457502 S3 T00000003 V. twn> SUCCESS
000039 132112622021 S3 T00000003 V. 
000040 132112622021 S3 T00000003 V. twn> DG_CONTROL/DAT_IDENTITY/MSG_GETNEXT
000041 132112626054 S3 T00000003 V. twn> 8,17,5,ENGLISH_USA,USA,KDS v0.0 2019/2/25,2,4,0x40001003,Eastman Kodak,Document Imaging,KODAK Scanner: i2000
000042 132112626054 S3 T00000003 V. twn> SUCCESS
000043 132112886281 S3 T00000003 V. 
000044 132112887281 S3 T00000003 V. twn> DG_CONTROL/DAT_IDENTITY/MSG_GETNEXT
000045 132112894276 S3 T00000003 V. twn> 9,15,16,ENGLISH_USA,USA,KDS v0.0 2017/6/20,2,3,0x40001003,Eastman Kodak,Document Imaging,KODAK Scanner: i2900
000046 132112894276 S3 T00000003 V. twn> SUCCESS
000047 132113442238 S3 T00000003 V. 
000048 132113442238 S3 T00000003 V. twn> DG_CONTROL/DAT_IDENTITY/MSG_GETNEXT
000049 132113445236 S3 T00000003 V. twn> 10,18,0,ENGLISH_USA,USA,KDS v18.0 2019/5/3,2,4,0x40001003,Eastman Kodak,Document Imaging,KODAK Scanner: i3000
000050 132113445236 S3 T00000003 V. twn> SUCCESS
000051 132113662250 S3 T00000003 V. 
000052 132113662250 S3 T00000003 V. twn> DG_CONTROL/DAT_IDENTITY/MSG_GETNEXT
000053 132113665262 S3 T00000003 V. twn> 11,15,16,ENGLISH_USA,USA,KDS v0