000000 114730257878 S1 T00000001 V. ts:2020/03/04 11:47:30.260881 os:windows
000001 114730261881 S1 T00000001 V. TWAINCSTst v2.4.1.0
000002 114733129622 S1 T00000003 V. main>>> thread started...
000003 114733132622 S1 T00000003 V. 
000004 114733132622 S1 T00000003 V. twn> DG_CONTROL/DAT_PARENT/MSG_OPENDSM
000005 114733684873 S1 T00000003 V. twn> SUCCESS
000006 114734319389 S3 T00000003 V. 
000007 114734320393 S3 T00000003 V. twn> DG_CONTROL/DAT_ENTRYPOINT/MSG_GET
000008 114734320393 S3 T00000003 V. twn> 24,0x0,0x0,0x0,0x0,0x0
000009 114734324400 S3 T00000003 V. twn> 24,0x10007F00,0x10008030,0x100080A0,0x100080E0,0x10008120
000010 114734324400 S3 T00000003 V. twn> SUCCESS
000011 114735110513 S3 T00000003 V. 
000012 114735111520 S3 T00000003 V. twn> DG_CONTROL/DAT_IDENTITY/MSG_GETFIRST
000013 114735119526 S3 T00000003 V. twn> 1,18,0,ENGLISH_USA,USA,KDS v18.0 2019/5/3,2,4,0x40001003,Kodak Alaris Inc.,Document Imaging,Alaris Scanner: E1000
000014 114735120376 S3 T00000003 V. twn> SUCCESS
000015 114735807031 S3 T00000003 V. 
000016 114735807031 S3 T00000003 V. twn> DG_CONTROL/DAT_IDENTITY/MSG_GETNEXT
000017 114735811034 S3 T00000003 V. twn> 2,15,16,ENGLISH_USA,USA,KDS v0.0 2017/6/20,2,3,0x40001003,Eastman Kodak,Document Imaging,KODAK Scanner: i1120
000018 114735811034 S3 T00000003 V. twn> SUCCESS
000019 114736459698 S3 T00000003 V. 
000020 114736459698 S3 T00000003 V. twn> DG_CONTROL/DAT_IDENTITY/MSG_GETNEXT
000021 114736466632 S3 T00000003 V. twn> 3,17,5,ENGLISH_USA,USA,KDS v0.0 2019/2/25,2,4,0x40001003,Kodak Alaris Inc.,Document Imaging,KODAK Scanner: i1100
000022 114736467630 S3 T00000003 V. twn> SUCCESS
000023 114738067612 S3 T00000003 V. 
000024 114738068612 S3 T00000003 V. twn> DG_CONTROL/DAT_IDENTITY/MSG_GETNEXT
000025 114738070117 S3 T00000003 V. twn> 4,19,0,ENGLISH_USA,USA,KDS v17.0 2019/7/11,2,4,0x40001003,Kodak Alaris Inc.,Document Imaging,KODAK Scanner: i1100WN
000026 114738070117 S3 T00000003 V. twn> SUCCESS
000027 114738731972 S3 T00000003 V. 
000028 114738731972 S3 T00000003 V. twn> DG_CONTROL/DAT_IDENTITY/MSG_GETNEXT
000029 114738734971 S3 T00000003 V. twn> 5,15,16,ENGLISH_USA,USA,KDS v0.0 2017/6/20,2,3,0x40001003,Eastman Kodak,Document Imaging,KODAK Scanner: i1210/i1220
000030 114738734971 S3 T00000003 V. twn> SUCCESS
000031 114743658913 S3 T00000003 V. 
000032 114743658913 S3 T00000003 V. twn> DG_CONTROL/DAT_IDENTITY/MSG_GETNEXT
000033 114743661362 S3 T00000003 V. twn> 6,15,16,ENGLISH_USA,USA,KDS v0.0 2017/6/20,2,3,0x40001003,Eastman Kodak,Document Imaging,KODAK Scanner: i1310/i1320
000034 114743662362 S3 T00000003 V. twn> SUCCESS
000035 114744410857 S3 T00000003 V. 
000036 114744411847 S3 T00000003 V. twn> DG_CONTROL/DAT_IDENTITY/MSG_GETNEXT
000037 114744413845 S3 T00000003 V. twn> 7,15,16,ENGLISH_USA,USA,KDS v0.0 2017/6/20,2,3,0x40001003,Eastman Kodak,Document Imaging,KODAK Scanner: i1410/i1420/i1440
000038 114744414845 S3 T00000003 V. twn> SUCCESS
000039 114744882903 S3 T00000003 V. 
000040 114744882903 S3 T00000003 V. twn> DG_CONTROL/DAT_IDENTITY/MSG_GETNEXT
000041 114744884900 S3 T00000003 V. twn> 8,17,5,ENGLISH_USA,USA,KDS v0.0 2019/2/25,2,4,0x40001003,Eastman Kodak,Document Imaging,KODAK Scanner: i2000
000042 114744885900 S3 T00000003 V. twn> SUCCESS
000043 114745370835 S3 T00000003 V. 
000044 114745370835 S3 T00000003 V. twn> DG_CONTROL/DAT_IDENTITY/MSG_GETNEXT
000045 114745373833 S3 T00000003 V. twn> 9,15,16,ENGLISH_USA,USA,KDS v0.0 2017/6/20,2,3,0x40001003,Eastman Kodak,Document Imaging,KODAK Scanner: i2900
000046 114745373833 S3 T00000003 V. twn> SUCCESS
000047 114745883373 S3 T00000003 V. 
000048 114745883373 S3 T00000003 V. twn> DG_CONTROL/DAT_IDENTITY/MSG_GETNEXT
000049 114745886371 S3 T00000003 V. twn> 10,18,0,ENGLISH_USA,USA,KDS v18.0 2019/5/3,2,4,0x40001003,Eastman Kodak,Document Imaging,KODAK Scanner: i3000
000050 114745886371 S3 T00000003 V. twn> SUCCESS
000051 114746387810 S3 T00000003 V. 
000052 114746387810 S3 T00000003 V. twn> DG_CONTROL/DAT_IDENTITY/MSG_GETNEXT
000053 114746396321 S3 T00000003 V. twn> 11,15,16,ENGLISH_USA,USA,KDS v0